2023-03-29 17:00:27.813 +05:30 [INF] User profile is available. Using 'C:\Users\sargu\AppData\Local\ASP.NET\DataProtection-Keys' as key repository and Windows DPAPI to encrypt keys at rest.
2023-03-29 17:00:30.881 +05:30 [INF] Now listening on: http://localhost:5211
2023-03-29 17:00:30.889 +05:30 [INF] Application started. Press Ctrl+C to shut down.
2023-03-29 17:00:30.889 +05:30 [INF] Hosting environment: Development
2023-03-29 17:00:30.890 +05:30 [INF] Content root path: C:\Users\sargu\Desktop\project\IdentityManagement
2023-03-29 17:00:39.074 +05:30 [INF] Request starting HTTP/1.1 GET http://localhost:5211/ - -
2023-03-29 17:00:40.291 +05:30 [WRN] Failed to determine the https port for redirect.
2023-03-29 17:00:41.144 +05:30 [INF] Executing endpoint 'IdentityManagement.Controllers.HomeController.Index (IdentityManagement)'
2023-03-29 17:00:41.419 +05:30 [INF] Route matched with {action = "Index", controller = "Home"}. Executing controller action with signature Microsoft.AspNetCore.Mvc.IActionResult Index() on controller IdentityManagement.Controllers.HomeController (IdentityManagement).
2023-03-29 17:00:41.723 +05:30 [INF] Executing ViewResult, running view Index.
2023-03-29 17:00:42.860 +05:30 [INF] Executed ViewResult - view Index executed in 1328.3181ms.
2023-03-29 17:00:42.871 +05:30 [INF] Executed action IdentityManagement.Controllers.HomeController.Index (IdentityManagement) in 1446.4331ms
2023-03-29 17:00:42.871 +05:30 [INF] Executed endpoint 'IdentityManagement.Controllers.HomeController.Index (IdentityManagement)'
2023-03-29 17:00:43.042 +05:30 [INF] Request finished HTTP/1.1 GET http://localhost:5211/ - - - 200 - text/html;+charset=utf-8 3975.6727ms
2023-03-29 17:00:43.744 +05:30 [INF] Request starting HTTP/1.1 GET http://localhost:5211/_framework/aspnetcore-browser-refresh.js - -
2023-03-29 17:00:43.758 +05:30 [INF] Request finished HTTP/1.1 GET http://localhost:5211/_framework/aspnetcore-browser-refresh.js - - - 200 11966 application/javascript;+charset=utf-8 14.2468ms
2023-03-29 17:00:56.616 +05:30 [INF] Request starting HTTP/1.1 GET http://localhost:5211/Employee/EmployeeLogin - -
2023-03-29 17:00:56.631 +05:30 [INF] Executing endpoint 'IdentityManagement.Controllers.EmployeeController.EmployeeLogin (IdentityManagement)'
2023-03-29 17:00:56.642 +05:30 [INF] Route matched with {action = "EmployeeLogin", controller = "Employee"}. Executing controller action with signature Microsoft.AspNetCore.Mvc.IActionResult EmployeeLogin() on controller IdentityManagement.Controllers.EmployeeController (IdentityManagement).
2023-03-29 17:00:56.648 +05:30 [INF] Executing ViewResult, running view EmployeeLogin.
2023-03-29 17:00:57.347 +05:30 [INF] Executed ViewResult - view EmployeeLogin executed in 702.5981ms.
2023-03-29 17:00:57.347 +05:30 [INF] Executed action IdentityManagement.Controllers.EmployeeController.EmployeeLogin (IdentityManagement) in 705.2134ms
2023-03-29 17:00:57.360 +05:30 [INF] Executed endpoint 'IdentityManagement.Controllers.EmployeeController.EmployeeLogin (IdentityManagement)'
2023-03-29 17:00:57.361 +05:30 [INF] Request finished HTTP/1.1 GET http://localhost:5211/Employee/EmployeeLogin - - - 200 - text/html;+charset=utf-8 745.4442ms
2023-03-29 17:00:57.584 +05:30 [INF] Request starting HTTP/1.1 GET http://localhost:5211/Employee/slide navbar style.css - -
2023-03-29 17:00:57.616 +05:30 [INF] Request finished HTTP/1.1 GET http://localhost:5211/Employee/slide navbar style.css - - - 404 0 - 31.7419ms
2023-03-29 17:00:57.992 +05:30 [INF] Request starting HTTP/1.1 GET http://localhost:5211/_framework/aspnetcore-browser-refresh.js - -
2023-03-29 17:00:57.994 +05:30 [INF] Request finished HTTP/1.1 GET http://localhost:5211/_framework/aspnetcore-browser-refresh.js - - - 200 11966 application/javascript;+charset=utf-8 1.2966ms
2023-03-29 17:01:03.115 +05:30 [INF] Request starting HTTP/1.1 POST http://localhost:5211/Employee/EmployeeLogin application/x-www-form-urlencoded 239
2023-03-29 17:01:03.116 +05:30 [INF] Executing endpoint 'IdentityManagement.Controllers.EmployeeController.EmployeeLogin (IdentityManagement)'
2023-03-29 17:01:03.762 +05:30 [INF] Route matched with {action = "EmployeeLogin", controller = "Employee"}. Executing controller action with signature Microsoft.AspNetCore.Mvc.IActionResult EmployeeLogin(User) on controller IdentityManagement.Controllers.EmployeeController (IdentityManagement).
2023-03-29 17:01:12.404 +05:30 [INF] Executing ViewResult, running view EmployeeLogin.
2023-03-29 17:01:12.567 +05:30 [INF] Executed ViewResult - view EmployeeLogin executed in 162.8051ms.
2023-03-29 17:01:12.567 +05:30 [INF] Executed action IdentityManagement.Controllers.EmployeeController.EmployeeLogin (IdentityManagement) in 8804.7083ms
2023-03-29 17:01:12.567 +05:30 [INF] Executed endpoint 'IdentityManagement.Controllers.EmployeeController.EmployeeLogin (IdentityManagement)'
2023-03-29 17:01:12.568 +05:30 [INF] Request finished HTTP/1.1 POST http://localhost:5211/Employee/EmployeeLogin application/x-www-form-urlencoded 239 - 200 - text/html;+charset=utf-8 9452.4939ms
2023-03-29 17:01:21.291 +05:30 [INF] Request starting HTTP/1.1 GET http://localhost:5211/_framework/aspnetcore-browser-refresh.js - -
2023-03-29 17:01:21.291 +05:30 [INF] Request finished HTTP/1.1 GET http://localhost:5211/_framework/aspnetcore-browser-refresh.js - - - 200 11966 application/javascript;+charset=utf-8 0.3223ms
2023-03-29 17:01:21.303 +05:30 [INF] Request starting HTTP/1.1 GET http://localhost:5211/Employee/slide navbar style.css - -
2023-03-29 17:01:21.305 +05:30 [INF] Request finished HTTP/1.1 GET http://localhost:5211/Employee/slide navbar style.css - - - 404 0 - 2.3024ms
2023-03-29 17:01:27.813 +05:30 [INF] Request starting HTTP/1.1 POST http://localhost:5211/Employee/EmployeeLogin application/x-www-form-urlencoded 236
2023-03-29 17:01:27.814 +05:30 [INF] Executing endpoint 'IdentityManagement.Controllers.EmployeeController.EmployeeLogin (IdentityManagement)'
2023-03-29 17:01:27.814 +05:30 [INF] Route matched with {action = "EmployeeLogin", controller = "Employee"}. Executing controller action with signature Microsoft.AspNetCore.Mvc.IActionResult EmployeeLogin(User) on controller IdentityManagement.Controllers.EmployeeController (IdentityManagement).
2023-03-29 17:01:28.558 +05:30 [INF] Executing ViewResult, running view Profile.
2023-03-29 17:01:28.697 +05:30 [INF] Executed ViewResult - view Profile executed in 141.4056ms.
2023-03-29 17:01:28.697 +05:30 [INF] Executed action IdentityManagement.Controllers.EmployeeController.EmployeeLogin (IdentityManagement) in 882.474ms
2023-03-29 17:01:28.697 +05:30 [INF] Executed endpoint 'IdentityManagement.Controllers.EmployeeController.EmployeeLogin (IdentityManagement)'
2023-03-29 17:01:28.697 +05:30 [INF] Request finished HTTP/1.1 POST http://localhost:5211/Employee/EmployeeLogin application/x-www-form-urlencoded 236 - 200 - text/html;+charset=utf-8 884.0120ms
2023-03-29 17:01:29.815 +05:30 [INF] Request starting HTTP/1.1 GET http://localhost:5211/_framework/aspnetcore-browser-refresh.js - -
2023-03-29 17:01:29.816 +05:30 [INF] Request finished HTTP/1.1 GET http://localhost:5211/_framework/aspnetcore-browser-refresh.js - - - 200 11966 application/javascript;+charset=utf-8 0.2487ms
2023-03-29 17:01:32.796 +05:30 [INF] Request starting HTTP/1.1 GET http://localhost:5211/Employee/Profile - -
2023-03-29 17:01:32.796 +05:30 [INF] Executing endpoint 'IdentityManagement.Controllers.EmployeeController.Profile (IdentityManagement)'
2023-03-29 17:01:32.800 +05:30 [INF] Route matched with {action = "Profile", controller = "Employee"}. Executing controller action with signature Microsoft.AspNetCore.Mvc.IActionResult Profile() on controller IdentityManagement.Controllers.EmployeeController (IdentityManagement).
2023-03-29 17:01:32.800 +05:30 [INF] Executing ViewResult, running view Profile.
2023-03-29 17:01:32.811 +05:30 [INF] Executed ViewResult - view Profile executed in 11.1758ms.
2023-03-29 17:01:32.812 +05:30 [INF] Executed action IdentityManagement.Controllers.EmployeeController.Profile (IdentityManagement) in 11.8319ms
2023-03-29 17:01:32.812 +05:30 [INF] Executed endpoint 'IdentityManagement.Controllers.EmployeeController.Profile (IdentityManagement)'
2023-03-29 17:01:32.812 +05:30 [INF] Request finished HTTP/1.1 GET http://localhost:5211/Employee/Profile - - - 200 - text/html;+charset=utf-8 16.5246ms
2023-03-29 17:01:34.345 +05:30 [INF] Request starting HTTP/1.1 GET http://localhost:5211/_framework/aspnetcore-browser-refresh.js - -
2023-03-29 17:01:34.345 +05:30 [INF] Request finished HTTP/1.1 GET http://localhost:5211/_framework/aspnetcore-browser-refresh.js - - - 200 11966 application/javascript;+charset=utf-8 0.2398ms
2023-03-29 17:01:34.512 +05:30 [INF] Request starting HTTP/1.1 GET http://localhost:5211/EmployeeData/Indexes - -
2023-03-29 17:01:34.513 +05:30 [INF] Executing endpoint 'IdentityManagement.Controllers.EmployeeDataController.Indexes (IdentityManagement)'
2023-03-29 17:01:34.545 +05:30 [INF] Route matched with {action = "Indexes", controller = "EmployeeData"}. Executing controller action with signature System.Threading.Tasks.Task`1[Microsoft.AspNetCore.Mvc.IActionResult] Indexes() on controller IdentityManagement.Controllers.EmployeeDataController (IdentityManagement).
2023-03-29 17:01:44.429 +05:30 [WRN] No store type was specified for the decimal property 'EmployeePackage' on entity type 'EmployeeData'. This will cause values to be silently truncated if they do not fit in the default precision and scale. Explicitly specify the SQL server column type that can accommodate all the values in 'OnModelCreating' using 'HasColumnType', specify precision and scale using 'HasPrecision', or configure a value converter using 'HasConversion'.
2023-03-29 17:02:02.342 +05:30 [INF] Executed DbCommand (2,186ms) [Parameters=[], CommandType='"Text"', CommandTimeout='30']
SELECT [e].[UserId], [e].[AddarNumber], [e].[Address], [e].[DateofBirth], [e].[Destination], [e].[EmployeePackage], [e].[Experience], [e].[Gender], [e].[MobileNumber], [e].[Name], [e].[Password], [e].[TeamName]
FROM [EmployeesData] AS [e]
2023-03-29 17:02:07.395 +05:30 [INF] Executing ViewResult, running view Indexes.
2023-03-29 17:02:07.997 +05:30 [INF] Accessing expired session, Key:e7f25855-b9a8-f65a-2a69-503ae2b589c3
2023-03-29 17:02:08.661 +05:30 [INF] Executed ViewResult - view Indexes executed in 1268.8492ms.
2023-03-29 17:02:08.694 +05:30 [INF] Executed action IdentityManagement.Controllers.EmployeeDataController.Indexes (IdentityManagement) in 34148.8082ms
2023-03-29 17:02:08.695 +05:30 [INF] Executed endpoint 'IdentityManagement.Controllers.EmployeeDataController.Indexes (IdentityManagement)'
2023-03-29 17:02:09.063 +05:30 [INF] Request finished HTTP/1.1 GET http://localhost:5211/EmployeeData/Indexes - - - 200 - text/html;+charset=utf-8 34550.9235ms
2023-03-29 17:02:11.963 +05:30 [INF] Request starting HTTP/1.1 GET http://localhost:5211/_framework/aspnetcore-browser-refresh.js - -
2023-03-29 17:02:11.963 +05:30 [INF] Request finished HTTP/1.1 GET http://localhost:5211/_framework/aspnetcore-browser-refresh.js - - - 200 11966 application/javascript;+charset=utf-8 0.3603ms
2023-03-29 17:03:41.922 +05:30 [INF] Request starting HTTP/1.1 GET http://localhost:5211/Admin/Success - -
2023-03-29 17:03:41.935 +05:30 [INF] Request finished HTTP/1.1 GET http://localhost:5211/Admin/Success - - - 404 0 - 12.8640ms
2023-03-29 17:03:43.831 +05:30 [INF] Request starting HTTP/1.1 GET http://localhost:5211/Admin/Success - -
2023-03-29 17:03:43.835 +05:30 [INF] Request finished HTTP/1.1 GET http://localhost:5211/Admin/Success - - - 404 0 - 3.2011ms
2023-03-29 17:03:44.600 +05:30 [INF] Request starting HTTP/1.1 GET http://localhost:5211/Admin/Success - -
2023-03-29 17:03:44.600 +05:30 [INF] Request finished HTTP/1.1 GET http://localhost:5211/Admin/Success - - - 404 0 - 0.6617ms
2023-03-29 17:03:45.358 +05:30 [INF] Request starting HTTP/1.1 GET http://localhost:5211/Admin/Success - -
2023-03-29 17:03:45.359 +05:30 [INF] Request finished HTTP/1.1 GET http://localhost:5211/Admin/Success - - - 404 0 - 0.6965ms
2023-03-29 17:03:55.060 +05:30 [INF] Application is shutting down...
2023-03-29 17:05:20.582 +05:30 [INF] User profile is available. Using 'C:\Users\sargu\AppData\Local\ASP.NET\DataProtection-Keys' as key repository and Windows DPAPI to encrypt keys at rest.
2023-03-29 17:05:21.476 +05:30 [INF] Now listening on: http://localhost:5211
2023-03-29 17:05:21.492 +05:30 [INF] Application started. Press Ctrl+C to shut down.
2023-03-29 17:05:21.492 +05:30 [INF] Hosting environment: Development
2023-03-29 17:05:21.493 +05:30 [INF] Content root path: C:\Users\sargu\Desktop\project\IdentityManagement
2023-03-29 17:05:26.051 +05:30 [INF] Request starting HTTP/1.1 GET http://localhost:5211/ - -
2023-03-29 17:05:26.754 +05:30 [WRN] Failed to determine the https port for redirect.
2023-03-29 17:05:27.521 +05:30 [INF] Executing endpoint 'IdentityManagement.Controllers.HomeController.Index (IdentityManagement)'
2023-03-29 17:05:28.094 +05:30 [INF] Route matched with {action = "Index", controller = "Home"}. Executing controller action with signature Microsoft.AspNetCore.Mvc.IActionResult Index() on controller IdentityManagement.Controllers.HomeController (IdentityManagement).
2023-03-29 17:05:28.166 +05:30 [INF] Executing ViewResult, running view Index.
2023-03-29 17:05:29.902 +05:30 [INF] Executed ViewResult - view Index executed in 1749.543ms.
2023-03-29 17:05:29.912 +05:30 [INF] Executed action IdentityManagement.Controllers.HomeController.Index (IdentityManagement) in 1816.349ms
2023-03-29 17:05:29.912 +05:30 [INF] Executed endpoint 'IdentityManagement.Controllers.HomeController.Index (IdentityManagement)'
2023-03-29 17:05:30.290 +05:30 [INF] Request finished HTTP/1.1 GET http://localhost:5211/ - - - 200 - text/html;+charset=utf-8 4253.4640ms
2023-03-29 17:05:31.304 +05:30 [INF] Request starting HTTP/1.1 GET http://localhost:5211/_framework/aspnetcore-browser-refresh.js - -
2023-03-29 17:05:31.316 +05:30 [INF] Request finished HTTP/1.1 GET http://localhost:5211/_framework/aspnetcore-browser-refresh.js - - - 200 11966 application/javascript;+charset=utf-8 12.7953ms
2023-03-29 17:05:37.514 +05:30 [INF] Request starting HTTP/1.1 GET http://localhost:5211/Employee/EmployeeLogin - -
2023-03-29 17:05:37.534 +05:30 [INF] Executing endpoint 'IdentityManagement.Controllers.EmployeeController.EmployeeLogin (IdentityManagement)'
2023-03-29 17:05:37.541 +05:30 [INF] Route matched with {action = "EmployeeLogin", controller = "Employee"}. Executing controller action with signature Microsoft.AspNetCore.Mvc.IActionResult EmployeeLogin() on controller IdentityManagement.Controllers.EmployeeController (IdentityManagement).
2023-03-29 17:05:37.552 +05:30 [INF] Executing ViewResult, running view EmployeeLogin.
2023-03-29 17:05:38.159 +05:30 [INF] Executed ViewResult - view EmployeeLogin executed in 610.2794ms.
2023-03-29 17:05:38.160 +05:30 [INF] Executed action IdentityManagement.Controllers.EmployeeController.EmployeeLogin (IdentityManagement) in 618.236ms
2023-03-29 17:05:38.160 +05:30 [INF] Executed endpoint 'IdentityManagement.Controllers.EmployeeController.EmployeeLogin (IdentityManagement)'
2023-03-29 17:05:38.165 +05:30 [INF] Request finished HTTP/1.1 GET http://localhost:5211/Employee/EmployeeLogin - - - 200 - text/html;+charset=utf-8 650.3156ms
2023-03-29 17:05:38.641 +05:30 [INF] Request starting HTTP/1.1 GET http://localhost:5211/Employee/slide navbar style.css - -
2023-03-29 17:05:38.689 +05:30 [INF] Request finished HTTP/1.1 GET http://localhost:5211/Employee/slide navbar style.css - - - 404 0 - 48.0861ms
2023-03-29 17:05:39.001 +05:30 [INF] Request starting HTTP/1.1 GET http://localhost:5211/_framework/aspnetcore-browser-refresh.js - -
2023-03-29 17:05:39.002 +05:30 [INF] Request finished HTTP/1.1 GET http://localhost:5211/_framework/aspnetcore-browser-refresh.js - - - 200 11966 application/javascript;+charset=utf-8 8.4248ms
2023-03-29 17:06:03.581 +05:30 [INF] Request starting HTTP/1.1 POST http://localhost:5211/Employee/EmployeeLogin application/x-www-form-urlencoded 236
2023-03-29 17:06:03.583 +05:30 [INF] Executing endpoint 'IdentityManagement.Controllers.EmployeeController.EmployeeLogin (IdentityManagement)'
2023-03-29 17:06:03.854 +05:30 [INF] Route matched with {action = "EmployeeLogin", controller = "Employee"}. Executing controller action with signature Microsoft.AspNetCore.Mvc.IActionResult EmployeeLogin(User) on controller IdentityManagement.Controllers.EmployeeController (IdentityManagement).
2023-03-29 17:06:07.038 +05:30 [INF] Executing ViewResult, running view Profile.
2023-03-29 17:06:07.171 +05:30 [INF] Executed ViewResult - view Profile executed in 135.1966ms.
2023-03-29 17:06:07.171 +05:30 [INF] Executed action IdentityManagement.Controllers.EmployeeController.EmployeeLogin (IdentityManagement) in 3316.8706ms
2023-03-29 17:06:07.172 +05:30 [INF] Executed endpoint 'IdentityManagement.Controllers.EmployeeController.EmployeeLogin (IdentityManagement)'
2023-03-29 17:06:07.172 +05:30 [INF] Request finished HTTP/1.1 POST http://localhost:5211/Employee/EmployeeLogin application/x-www-form-urlencoded 236 - 200 - text/html;+charset=utf-8 3590.7602ms
2023-03-29 17:06:07.946 +05:30 [INF] Request starting HTTP/1.1 GET http://localhost:5211/_framework/aspnetcore-browser-refresh.js - -
2023-03-29 17:06:07.946 +05:30 [INF] Request finished HTTP/1.1 GET http://localhost:5211/_framework/aspnetcore-browser-refresh.js - - - 200 11966 application/javascript;+charset=utf-8 0.2997ms
2023-03-29 17:09:07.753 +05:30 [INF] Request starting HTTP/1.1 POST http://localhost:5211/Employee/EmployeeLogin application/x-www-form-urlencoded 236
2023-03-29 17:09:07.759 +05:30 [INF] Executing endpoint 'IdentityManagement.Controllers.EmployeeController.EmployeeLogin (IdentityManagement)'
2023-03-29 17:09:07.779 +05:30 [INF] Route matched with {action = "EmployeeLogin", controller = "Employee"}. Executing controller action with signature Microsoft.AspNetCore.Mvc.IActionResult EmployeeLogin(User) on controller IdentityManagement.Controllers.EmployeeController (IdentityManagement).
2023-03-29 17:09:07.868 +05:30 [INF] Executing ViewResult, running view Profile.
2023-03-29 17:09:07.885 +05:30 [INF] Executed ViewResult - view Profile executed in 18.3492ms.
2023-03-29 17:09:07.885 +05:30 [INF] Executed action IdentityManagement.Controllers.EmployeeController.EmployeeLogin (IdentityManagement) in 105.3587ms
2023-03-29 17:09:07.885 +05:30 [INF] Executed endpoint 'IdentityManagement.Controllers.EmployeeController.EmployeeLogin (IdentityManagement)'
2023-03-29 17:09:07.885 +05:30 [INF] Request finished HTTP/1.1 POST http://localhost:5211/Employee/EmployeeLogin application/x-www-form-urlencoded 236 - 200 - text/html;+charset=utf-8 132.5847ms
2023-03-29 17:09:14.549 +05:30 [INF] Request starting HTTP/1.1 GET http://localhost:5211/_framework/aspnetcore-browser-refresh.js - -
2023-03-29 17:09:14.549 +05:30 [INF] Request finished HTTP/1.1 GET http://localhost:5211/_framework/aspnetcore-browser-refresh.js - - - 200 11966 application/javascript;+charset=utf-8 0.3289ms
2023-03-29 17:10:04.605 +05:30 [INF] Request starting HTTP/1.1 POST http://localhost:5211/Employee/EmployeeLogin application/x-www-form-urlencoded 236
2023-03-29 17:10:04.606 +05:30 [INF] Executing endpoint 'IdentityManagement.Controllers.EmployeeController.EmployeeLogin (IdentityManagement)'
2023-03-29 17:10:04.618 +05:30 [INF] Route matched with {action = "EmployeeLogin", controller = "Employee"}. Executing controller action with signature Microsoft.AspNetCore.Mvc.IActionResult EmployeeLogin(User) on controller IdentityManagement.Controllers.EmployeeController (IdentityManagement).
2023-03-29 17:10:04.726 +05:30 [INF] Executing ViewResult, running view Profile.
2023-03-29 17:10:04.740 +05:30 [INF] Executed ViewResult - view Profile executed in 15.674ms.
2023-03-29 17:10:04.740 +05:30 [INF] Executed action IdentityManagement.Controllers.EmployeeController.EmployeeLogin (IdentityManagement) in 121.9001ms
2023-03-29 17:10:04.740 +05:30 [INF] Executed endpoint 'IdentityManagement.Controllers.EmployeeController.EmployeeLogin (IdentityManagement)'
2023-03-29 17:10:04.740 +05:30 [INF] Request finished HTTP/1.1 POST http://localhost:5211/Employee/EmployeeLogin application/x-www-form-urlencoded 236 - 200 - text/html;+charset=utf-8 135.4075ms
2023-03-29 17:10:07.039 +05:30 [INF] Request starting HTTP/1.1 GET http://localhost:5211/_framework/aspnetcore-browser-refresh.js - -
2023-03-29 17:10:07.039 +05:30 [INF] Request finished HTTP/1.1 GET http://localhost:5211/_framework/aspnetcore-browser-refresh.js - - - 200 11966 application/javascript;+charset=utf-8 0.3198ms
2023-03-29 17:10:46.205 +05:30 [INF] Request starting HTTP/1.1 POST http://localhost:5211/Employee/EmployeeLogin application/x-www-form-urlencoded 236
2023-03-29 17:10:46.205 +05:30 [INF] Executing endpoint 'IdentityManagement.Controllers.EmployeeController.EmployeeLogin (IdentityManagement)'
2023-03-29 17:10:46.221 +05:30 [INF] Route matched with {action = "EmployeeLogin", controller = "Employee"}. Executing controller action with signature Microsoft.AspNetCore.Mvc.IActionResult EmployeeLogin(User) on controller IdentityManagement.Controllers.EmployeeController (IdentityManagement).
2023-03-29 17:10:46.520 +05:30 [INF] Executing ViewResult, running view Profile.
2023-03-29 17:10:46.529 +05:30 [INF] Executed ViewResult - view Profile executed in 11.1242ms.
2023-03-29 17:10:46.529 +05:30 [INF] Executed action IdentityManagement.Controllers.EmployeeController.EmployeeLogin (IdentityManagement) in 308.6715ms
2023-03-29 17:10:46.530 +05:30 [INF] Executed endpoint 'IdentityManagement.Controllers.EmployeeController.EmployeeLogin (IdentityManagement)'
2023-03-29 17:10:46.530 +05:30 [INF] Request finished HTTP/1.1 POST http://localhost:5211/Employee/EmployeeLogin application/x-www-form-urlencoded 236 - 200 - text/html;+charset=utf-8 325.6375ms
2023-03-29 17:10:49.405 +05:30 [INF] Request starting HTTP/1.1 GET http://localhost:5211/_framework/aspnetcore-browser-refresh.js - -
2023-03-29 17:10:49.410 +05:30 [INF] Request finished HTTP/1.1 GET http://localhost:5211/_framework/aspnetcore-browser-refresh.js - - - 200 11966 application/javascript;+charset=utf-8 3.7160ms
2023-03-29 17:13:44.232 +05:30 [INF] Application is shutting down...
2023-03-29 17:14:39.704 +05:30 [INF] User profile is available. Using 'C:\Users\sargu\AppData\Local\ASP.NET\DataProtection-Keys' as key repository and Windows DPAPI to encrypt keys at rest.
2023-03-29 17:14:40.140 +05:30 [INF] Now listening on: http://localhost:5211
2023-03-29 17:14:40.149 +05:30 [INF] Application started. Press Ctrl+C to shut down.
2023-03-29 17:14:40.150 +05:30 [INF] Hosting environment: Development
2023-03-29 17:14:40.150 +05:30 [INF] Content root path: C:\Users\sargu\Desktop\project\IdentityManagement
2023-03-29 17:14:43.831 +05:30 [INF] Request starting HTTP/1.1 GET http://localhost:5211/ - -
2023-03-29 17:14:44.229 +05:30 [WRN] Failed to determine the https port for redirect.
2023-03-29 17:14:44.982 +05:30 [INF] Executing endpoint 'IdentityManagement.Controllers.HomeController.Index (IdentityManagement)'
2023-03-29 17:14:45.184 +05:30 [INF] Route matched with {action = "Index", controller = "Home"}. Executing controller action with signature Microsoft.AspNetCore.Mvc.IActionResult Index() on controller IdentityManagement.Controllers.HomeController (IdentityManagement).
2023-03-29 17:14:45.284 +05:30 [INF] Executing ViewResult, running view Index.
2023-03-29 17:14:46.534 +05:30 [INF] Executed ViewResult - view Index executed in 1272.8953ms.
2023-03-29 17:14:46.538 +05:30 [INF] Executed action IdentityManagement.Controllers.HomeController.Index (IdentityManagement) in 1352.5437ms
2023-03-29 17:14:46.541 +05:30 [INF] Executed endpoint 'IdentityManagement.Controllers.HomeController.Index (IdentityManagement)'
2023-03-29 17:14:46.600 +05:30 [INF] Request finished HTTP/1.1 GET http://localhost:5211/ - - - 200 - text/html;+charset=utf-8 2848.5983ms
2023-03-29 17:14:51.356 +05:30 [INF] Request starting HTTP/1.1 GET http://localhost:5211/_framework/aspnetcore-browser-refresh.js - -
2023-03-29 17:14:51.706 +05:30 [INF] Request finished HTTP/1.1 GET http://localhost:5211/_framework/aspnetcore-browser-refresh.js - - - 200 11966 application/javascript;+charset=utf-8 350.1347ms
2023-03-29 17:14:56.439 +05:30 [INF] Request starting HTTP/1.1 GET http://localhost:5211/Admin/AdminLogin - -
2023-03-29 17:14:56.470 +05:30 [INF] Executing endpoint 'IdentityManagement.Controllers.AdminController.AdminLogin (IdentityManagement)'
2023-03-29 17:14:56.484 +05:30 [INF] Route matched with {action = "AdminLogin", controller = "Admin"}. Executing controller action with signature Microsoft.AspNetCore.Mvc.IActionResult AdminLogin() on controller IdentityManagement.Controllers.AdminController (IdentityManagement).
2023-03-29 17:14:56.500 +05:30 [INF] Executing ViewResult, running view AdminLogin.
2023-03-29 17:14:56.955 +05:30 [INF] Executed ViewResult - view AdminLogin executed in 466.4321ms.
2023-03-29 17:14:56.957 +05:30 [INF] Executed action IdentityManagement.Controllers.AdminController.AdminLogin (IdentityManagement) in 472.8411ms
2023-03-29 17:14:56.957 +05:30 [INF] Executed endpoint 'IdentityManagement.Controllers.AdminController.AdminLogin (IdentityManagement)'
2023-03-29 17:14:56.958 +05:30 [INF] Request finished HTTP/1.1 GET http://localhost:5211/Admin/AdminLogin - - - 200 - text/html;+charset=utf-8 518.8449ms
2023-03-29 17:14:57.370 +05:30 [INF] Request starting HTTP/1.1 GET http://localhost:5211/_framework/aspnetcore-browser-refresh.js - -
2023-03-29 17:14:57.371 +05:30 [INF] Request finished HTTP/1.1 GET http://localhost:5211/_framework/aspnetcore-browser-refresh.js - - - 200 11966 application/javascript;+charset=utf-8 0.7311ms
2023-03-29 17:14:57.372 +05:30 [INF] Request starting HTTP/1.1 GET http://localhost:5211/Admin/slide navbar style.css - -
2023-03-29 17:14:57.434 +05:30 [INF] Request finished HTTP/1.1 GET http://localhost:5211/Admin/slide navbar style.css - - - 404 0 - 61.6513ms
2023-03-29 17:15:01.869 +05:30 [INF] Request starting HTTP/1.1 POST http://localhost:5211/Admin/AdminLogin application/x-www-form-urlencoded 236
2023-03-29 17:15:01.870 +05:30 [INF] Executing endpoint 'IdentityManagement.Controllers.AdminController.AdminLogin (IdentityManagement)'
2023-03-29 17:15:02.278 +05:30 [INF] Route matched with {action = "AdminLogin", controller = "Admin"}. Executing controller action with signature Microsoft.AspNetCore.Mvc.IActionResult AdminLogin(User) on controller IdentityManagement.Controllers.AdminController (IdentityManagement).
2023-03-29 17:15:06.622 +05:30 [INF] Request starting HTTP/1.1 POST http://localhost:5211/Admin/AdminLogin application/x-www-form-urlencoded 239
2023-03-29 17:15:06.623 +05:30 [INF] Executing endpoint 'IdentityManagement.Controllers.AdminController.AdminLogin (IdentityManagement)'
2023-03-29 17:15:06.623 +05:30 [INF] Route matched with {action = "AdminLogin", controller = "Admin"}. Executing controller action with signature Microsoft.AspNetCore.Mvc.IActionResult AdminLogin(User) on controller IdentityManagement.Controllers.AdminController (IdentityManagement).
2023-03-29 17:15:06.640 +05:30 [INF] Executed action IdentityManagement.Controllers.AdminController.AdminLogin (IdentityManagement) in 16.9902ms
2023-03-29 17:15:06.642 +05:30 [INF] Executed endpoint 'IdentityManagement.Controllers.AdminController.AdminLogin (IdentityManagement)'
2023-03-29 17:15:07.541 +05:30 [ERR] An unhandled exception has occurred while executing the request.
System.InvalidOperationException: The connection was not closed. The connection's current state is open.
   at System.Data.ProviderBase.DbConnectionInternal.TryOpenConnection(DbConnection outerConnection, DbConnectionFactory connectionFactory, TaskCompletionSource`1 retry, DbConnectionOptions userOptions)
   at System.Data.SqlClient.SqlConnection.TryOpen(TaskCompletionSource`1 retry)
   at System.Data.SqlClient.SqlConnection.Open()
   at IdentityManagement.Models.Database.AdminLogin(User user) in C:\Users\sargu\Desktop\project\IdentityManagement\Models\Database.cs:line 33
   at IdentityManagement.Controllers.AdminController.AdminLogin(User user) in C:\Users\sargu\Desktop\project\IdentityManagement\Controllers\AdminController.cs:line 26
   at lambda_method29(Closure, Object, Object[])
   at Microsoft.AspNetCore.Mvc.Infrastructure.ActionMethodExecutor.SyncActionResultExecutor.Execute(ActionContext actionContext, IActionResultTypeMapper mapper, ObjectMethodExecutor executor, Object controller, Object[] arguments)
   at Microsoft.AspNetCore.Mvc.Infrastructure.ControllerActionInvoker.InvokeActionMethodAsync()
   at Microsoft.AspNetCore.Mvc.Infrastructure.ControllerActionInvoker.Next(State& next, Scope& scope, Object& state, Boolean& isCompleted)
   at Microsoft.AspNetCore.Mvc.Infrastructure.ControllerActionInvoker.InvokeNextActionFilterAsync()
--- End of stack trace from previous location ---
   at Microsoft.AspNetCore.Mvc.Infrastructure.ControllerActionInvoker.Rethrow(ActionExecutedContextSealed context)
   at Microsoft.AspNetCore.Mvc.Infrastructure.ControllerActionInvoker.Next(State& next, Scope& scope, Object& state, Boolean& isCompleted)
   at Microsoft.AspNetCore.Mvc.Infrastructure.ControllerActionInvoker.InvokeInnerFilterAsync()
--- End of stack trace from previous location ---
   at Microsoft.AspNetCore.Mvc.Infrastructure.ResourceInvoker.<InvokeNextResourceFilter>g__Awaited|25_0(ResourceInvoker invoker, Task lastTask, State next, Scope scope, Object state, Boolean isCompleted)
   at Microsoft.AspNetCore.Mvc.Infrastructure.ResourceInvoker.Rethrow(ResourceExecutedContextSealed context)
   at Microsoft.AspNetCore.Mvc.Infrastructure.ResourceInvoker.Next(State& next, Scope& scope, Object& state, Boolean& isCompleted)
   at Microsoft.AspNetCore.Mvc.Infrastructure.ResourceInvoker.InvokeFilterPipelineAsync()
--- End of stack trace from previous location ---
   at Microsoft.AspNetCore.Mvc.Infrastructure.ResourceInvoker.<InvokeAsync>g__Logged|17_1(ResourceInvoker invoker)
   at Microsoft.AspNetCore.Mvc.Infrastructure.ResourceInvoker.<InvokeAsync>g__Logged|17_1(ResourceInvoker invoker)
   at Microsoft.AspNetCore.Routing.EndpointMiddleware.<Invoke>g__AwaitRequestTask|6_0(Endpoint endpoint, Task requestTask, ILogger logger)
   at Microsoft.AspNetCore.Authorization.AuthorizationMiddleware.Invoke(HttpContext context)
   at Microsoft.AspNetCore.Session.SessionMiddleware.Invoke(HttpContext context)
   at Microsoft.AspNetCore.Session.SessionMiddleware.Invoke(HttpContext context)
   at Microsoft.AspNetCore.Authentication.AuthenticationMiddleware.Invoke(HttpContext context)
   at Microsoft.AspNetCore.Diagnostics.DeveloperExceptionPageMiddlewareImpl.Invoke(HttpContext context)
2023-03-29 17:15:08.071 +05:30 [INF] Request finished HTTP/1.1 POST http://localhost:5211/Admin/AdminLogin application/x-www-form-urlencoded 239 - 500 - text/html;+charset=utf-8 1449.2714ms
2023-03-29 17:15:08.410 +05:30 [INF] Executing ViewResult, running view AdminLogin.
2023-03-29 17:15:08.431 +05:30 [INF] Executed ViewResult - view AdminLogin executed in 21.1779ms.
2023-03-29 17:15:08.431 +05:30 [INF] Executed action IdentityManagement.Controllers.AdminController.AdminLogin (IdentityManagement) in 6152.9202ms
2023-03-29 17:15:08.435 +05:30 [INF] Executed endpoint 'IdentityManagement.Controllers.AdminController.AdminLogin (IdentityManagement)'
2023-03-29 17:15:08.437 +05:30 [INF] Request finished HTTP/1.1 POST http://localhost:5211/Admin/AdminLogin application/x-www-form-urlencoded 236 - 200 - text/html;+charset=utf-8 6566.3063ms
2023-03-29 17:15:10.580 +05:30 [INF] Request starting HTTP/1.1 GET http://localhost:5211/_framework/aspnetcore-browser-refresh.js - -
2023-03-29 17:15:10.581 +05:30 [INF] Request finished HTTP/1.1 GET http://localhost:5211/_framework/aspnetcore-browser-refresh.js - - - 200 11966 application/javascript;+charset=utf-8 0.3064ms
2023-03-29 17:15:20.580 +05:30 [INF] Application is shutting down...
2023-03-29 17:16:05.827 +05:30 [INF] User profile is available. Using 'C:\Users\sargu\AppData\Local\ASP.NET\DataProtection-Keys' as key repository and Windows DPAPI to encrypt keys at rest.
2023-03-29 17:16:06.722 +05:30 [INF] Now listening on: http://localhost:5211
2023-03-29 17:16:06.735 +05:30 [INF] Application started. Press Ctrl+C to shut down.
2023-03-29 17:16:06.736 +05:30 [INF] Hosting environment: Development
2023-03-29 17:16:06.852 +05:30 [INF] Content root path: C:\Users\sargu\Desktop\project\IdentityManagement
2023-03-29 17:16:11.713 +05:30 [INF] Request starting HTTP/1.1 GET http://localhost:5211/ - -
2023-03-29 17:16:12.273 +05:30 [WRN] Failed to determine the https port for redirect.
2023-03-29 17:16:13.290 +05:30 [INF] Executing endpoint 'IdentityManagement.Controllers.HomeController.Index (IdentityManagement)'
2023-03-29 17:16:13.639 +05:30 [INF] Route matched with {action = "Index", controller = "Home"}. Executing controller action with signature Microsoft.AspNetCore.Mvc.IActionResult Index() on controller IdentityManagement.Controllers.HomeController (IdentityManagement).
2023-03-29 17:16:13.855 +05:30 [INF] Executing ViewResult, running view Index.
2023-03-29 17:16:14.981 +05:30 [INF] Executed ViewResult - view Index executed in 1192.2222ms.
2023-03-29 17:16:14.988 +05:30 [INF] Executed action IdentityManagement.Controllers.HomeController.Index (IdentityManagement) in 1347.5183ms
2023-03-29 17:16:14.988 +05:30 [INF] Executed endpoint 'IdentityManagement.Controllers.HomeController.Index (IdentityManagement)'
2023-03-29 17:16:15.319 +05:30 [INF] Request finished HTTP/1.1 GET http://localhost:5211/ - - - 200 - text/html;+charset=utf-8 3538.2831ms
2023-03-29 17:16:16.186 +05:30 [INF] Request starting HTTP/1.1 GET http://localhost:5211/_framework/aspnetcore-browser-refresh.js - -
2023-03-29 17:16:16.193 +05:30 [INF] Request finished HTTP/1.1 GET http://localhost:5211/_framework/aspnetcore-browser-refresh.js - - - 200 11966 application/javascript;+charset=utf-8 6.7106ms
2023-03-29 17:16:22.074 +05:30 [INF] Request starting HTTP/1.1 GET http://localhost:5211/Admin/AdminLogin - -
2023-03-29 17:16:22.088 +05:30 [INF] Executing endpoint 'IdentityManagement.Controllers.AdminController.AdminLogin (IdentityManagement)'
2023-03-29 17:16:22.095 +05:30 [INF] Route matched with {action = "AdminLogin", controller = "Admin"}. Executing controller action with signature Microsoft.AspNetCore.Mvc.IActionResult AdminLogin() on controller IdentityManagement.Controllers.AdminController (IdentityManagement).
2023-03-29 17:16:22.107 +05:30 [INF] Executing ViewResult, running view AdminLogin.
2023-03-29 17:16:22.695 +05:30 [INF] Executed ViewResult - view AdminLogin executed in 591.4538ms.
2023-03-29 17:16:22.696 +05:30 [INF] Executed action IdentityManagement.Controllers.AdminController.AdminLogin (IdentityManagement) in 600.9954ms
2023-03-29 17:16:22.696 +05:30 [INF] Executed endpoint 'IdentityManagement.Controllers.AdminController.AdminLogin (IdentityManagement)'
2023-03-29 17:16:22.701 +05:30 [INF] Request finished HTTP/1.1 GET http://localhost:5211/Admin/AdminLogin - - - 200 - text/html;+charset=utf-8 627.3896ms
2023-03-29 17:16:23.025 +05:30 [INF] Request starting HTTP/1.1 GET http://localhost:5211/_framework/aspnetcore-browser-refresh.js - -
2023-03-29 17:16:23.027 +05:30 [INF] Request finished HTTP/1.1 GET http://localhost:5211/_framework/aspnetcore-browser-refresh.js - - - 200 11966 application/javascript;+charset=utf-8 2.6836ms
2023-03-29 17:16:23.174 +05:30 [INF] Request starting HTTP/1.1 GET http://localhost:5211/Admin/slide navbar style.css - -
2023-03-29 17:16:23.229 +05:30 [INF] Request finished HTTP/1.1 GET http://localhost:5211/Admin/slide navbar style.css - - - 404 0 - 55.0778ms
2023-03-29 17:16:29.047 +05:30 [INF] Request starting HTTP/1.1 POST http://localhost:5211/Admin/AdminLogin application/x-www-form-urlencoded 236
2023-03-29 17:16:29.048 +05:30 [INF] Executing endpoint 'IdentityManagement.Controllers.AdminController.AdminLogin (IdentityManagement)'
2023-03-29 17:16:29.232 +05:30 [INF] Route matched with {action = "AdminLogin", controller = "Admin"}. Executing controller action with signature Microsoft.AspNetCore.Mvc.IActionResult AdminLogin(User) on controller IdentityManagement.Controllers.AdminController (IdentityManagement).
2023-03-29 17:16:31.093 +05:30 [INF] Executing ViewResult, running view AdminLogin.
2023-03-29 17:16:31.110 +05:30 [INF] Executed ViewResult - view AdminLogin executed in 17.7254ms.
2023-03-29 17:16:31.111 +05:30 [INF] Executed action IdentityManagement.Controllers.AdminController.AdminLogin (IdentityManagement) in 1877.5479ms
2023-03-29 17:16:31.111 +05:30 [INF] Executed endpoint 'IdentityManagement.Controllers.AdminController.AdminLogin (IdentityManagement)'
2023-03-29 17:16:31.111 +05:30 [INF] Request finished HTTP/1.1 POST http://localhost:5211/Admin/AdminLogin application/x-www-form-urlencoded 236 - 200 - text/html;+charset=utf-8 2064.4847ms
2023-03-29 17:16:31.544 +05:30 [INF] Request starting HTTP/1.1 GET http://localhost:5211/_framework/aspnetcore-browser-refresh.js - -
2023-03-29 17:16:31.544 +05:30 [INF] Request finished HTTP/1.1 GET http://localhost:5211/_framework/aspnetcore-browser-refresh.js - - - 200 11966 application/javascript;+charset=utf-8 0.6230ms
2023-03-29 17:16:31.544 +05:30 [INF] Request starting HTTP/1.1 GET http://localhost:5211/Admin/slide navbar style.css - -
2023-03-29 17:16:31.559 +05:30 [INF] Request finished HTTP/1.1 GET http://localhost:5211/Admin/slide navbar style.css - - - 404 0 - 14.9771ms
2023-03-29 17:16:37.598 +05:30 [INF] Request starting HTTP/1.1 POST http://localhost:5211/Admin/AdminLogin application/x-www-form-urlencoded 239
2023-03-29 17:16:37.600 +05:30 [INF] Executing endpoint 'IdentityManagement.Controllers.AdminController.AdminLogin (IdentityManagement)'
2023-03-29 17:16:37.600 +05:30 [INF] Route matched with {action = "AdminLogin", controller = "Admin"}. Executing controller action with signature Microsoft.AspNetCore.Mvc.IActionResult AdminLogin(User) on controller IdentityManagement.Controllers.AdminController (IdentityManagement).
2023-03-29 17:16:37.712 +05:30 [INF] Accessing expired session, Key:e7f25855-b9a8-f65a-2a69-503ae2b589c3
2023-03-29 17:16:37.715 +05:30 [INF] Executing ViewResult, running view Success.
2023-03-29 17:16:37.763 +05:30 [INF] Executed ViewResult - view Success executed in 49.9596ms.
2023-03-29 17:16:37.763 +05:30 [INF] Executed action IdentityManagement.Controllers.AdminController.AdminLogin (IdentityManagement) in 163.0719ms
2023-03-29 17:16:37.763 +05:30 [INF] Executed endpoint 'IdentityManagement.Controllers.AdminController.AdminLogin (IdentityManagement)'
2023-03-29 17:16:37.770 +05:30 [INF] Session started; Key:e7f25855-b9a8-f65a-2a69-503ae2b589c3, Id:780b8d3c-90fd-9f72-a4ee-cfd9ec2ef662
2023-03-29 17:16:37.779 +05:30 [INF] Request finished HTTP/1.1 POST http://localhost:5211/Admin/AdminLogin application/x-www-form-urlencoded 239 - 200 - text/html;+charset=utf-8 193.6697ms
2023-03-29 17:16:38.962 +05:30 [INF] Request starting HTTP/1.1 GET http://localhost:5211/_framework/aspnetcore-browser-refresh.js - -
2023-03-29 17:16:38.963 +05:30 [INF] Request finished HTTP/1.1 GET http://localhost:5211/_framework/aspnetcore-browser-refresh.js - - - 200 11966 application/javascript;+charset=utf-8 0.2905ms
2023-03-29 17:16:50.320 +05:30 [INF] Request starting HTTP/1.1 POST http://localhost:5211/Admin/AdminLogin application/x-www-form-urlencoded 239
2023-03-29 17:16:50.320 +05:30 [INF] Executing endpoint 'IdentityManagement.Controllers.AdminController.AdminLogin (IdentityManagement)'
2023-03-29 17:16:50.321 +05:30 [INF] Route matched with {action = "AdminLogin", controller = "Admin"}. Executing controller action with signature Microsoft.AspNetCore.Mvc.IActionResult AdminLogin(User) on controller IdentityManagement.Controllers.AdminController (IdentityManagement).
2023-03-29 17:16:50.332 +05:30 [INF] Accessing expired session, Key:e7f25855-b9a8-f65a-2a69-503ae2b589c3
2023-03-29 17:16:50.333 +05:30 [INF] Executing ViewResult, running view Success.
2023-03-29 17:16:50.335 +05:30 [INF] Executed ViewResult - view Success executed in 2.6409ms.
2023-03-29 17:16:50.336 +05:30 [INF] Executed action IdentityManagement.Controllers.AdminController.AdminLogin (IdentityManagement) in 14.7688ms
2023-03-29 17:16:50.336 +05:30 [INF] Executed endpoint 'IdentityManagement.Controllers.AdminController.AdminLogin (IdentityManagement)'
2023-03-29 17:16:50.336 +05:30 [INF] Session started; Key:e7f25855-b9a8-f65a-2a69-503ae2b589c3, Id:551e64a8-6fa0-c31f-f596-3a2c6c1c384a
2023-03-29 17:16:50.337 +05:30 [INF] Request finished HTTP/1.1 POST http://localhost:5211/Admin/AdminLogin application/x-www-form-urlencoded 239 - 200 - text/html;+charset=utf-8 17.1660ms
2023-03-29 17:16:50.989 +05:30 [INF] Request starting HTTP/1.1 GET http://localhost:5211/_framework/aspnetcore-browser-refresh.js - -
2023-03-29 17:16:50.989 +05:30 [INF] Request finished HTTP/1.1 GET http://localhost:5211/_framework/aspnetcore-browser-refresh.js - - - 200 11966 application/javascript;+charset=utf-8 0.2902ms
